<?xml version="1.0" encoding="UTF-8"?>
<!-- Generated by org.testng.reporters.JUnitReportReporter -->
<testsuite hostname="LAPTOP-QK4QKG3V" failures="0" tests="4" name="com.automation.framework.runner.TestRunner" time="145.163" errors="0" timestamp="2025-09-14T20:37:44 IST" skipped="0">
  <testcase classname="com.automation.framework.runner.TestRunner" name="runScenario" time="11.531"/>
  <testcase classname="com.automation.framework.runner.TestRunner" name="runScenario" time="60.086"/>
  <testcase classname="com.automation.framework.runner.TestRunner" name="runScenario" time="49.242"/>
  <testcase classname="com.automation.framework.runner.TestRunner" name="runScenario" time="24.304"/>
</testsuite> <!-- com.automation.framework.runner.TestRunner -->
